<?xml version="1.0" encoding="UTF-8"?>
<!-- Generated by org.testng.reporters.JUnitReportReporter -->
<testsuite skipped="0" hostname="DeepikaHPLaptop" name="testCases.ReadOneProduct" tests="1" failures="0" timestamp="2022-08-15T16:12:22 EDT" time="1.801" errors="0">
  <testcase name="readOneProduct" time="1.801" classname="testCases.ReadOneProduct"/>
  <system-out/>
</testsuite> <!-- testCases.ReadOneProduct -->
