<?xml version="1.0" encoding="UTF-8"?>
<!-- Generated by org.testng.reporters.JUnitReportReporter -->
<testsuite skipped="0" hostname="DeepikaHPLaptop" name="testCases.CreateOneProduct1" tests="3" failures="0" timestamp="2022-08-22T10:54:50 EDT" time="2.914" errors="0">
  <testcase name="createOneProduct" time="1.796" classname="testCases.CreateOneProduct1"/>
  <system-out/>
  <testcase name="getFirstProductID" time="0.717" classname="testCases.CreateOneProduct1"/>
  <system-out/>
  <testcase name="validateIfIDCreated" time="0.401" classname="testCases.CreateOneProduct1"/>
  <system-out/>
</testsuite> <!-- testCases.CreateOneProduct1 -->
