<?xml version="1.0" encoding="UTF-8"?>
<!-- Generated by org.testng.reporters.JUnitReportReporter -->
<testsuite skipped="0" hostname="DeepikaHPLaptop" name="testCases.UpdateOneProduct" tests="4" failures="0" timestamp="2022-08-22T19:09:22 EDT" time="3.341" errors="0">
  <testcase name="createOneProduct" time="1.766" classname="testCases.UpdateOneProduct"/>
  <system-out/>
  <testcase name="readAllProducts" time="0.806" classname="testCases.UpdateOneProduct"/>
  <system-out/>
  <testcase name="updateOneProduct" time="0.365" classname="testCases.UpdateOneProduct"/>
  <system-out/>
  <testcase name="readOneProduct" time="0.404" classname="testCases.UpdateOneProduct"/>
  <system-out/>
</testsuite> <!-- testCases.UpdateOneProduct -->
