<?xml version="1.0" encoding="UTF-8"?>
<!-- Generated by org.testng.reporters.JUnitReportReporter -->
<testsuite skipped="0" hostname="DeepikaHPLaptop" name="testCases.DeleteOneProduct" tests="4" failures="0" timestamp="2022-08-22T19:41:08 EDT" time="3.363" errors="0">
  <testcase name="createOneProduct" time="1.861" classname="testCases.DeleteOneProduct"/>
  <system-out/>
  <testcase name="readAllProducts" time="0.739" classname="testCases.DeleteOneProduct"/>
  <system-out/>
  <testcase name="deleteOneProduct" time="0.372" classname="testCases.DeleteOneProduct"/>
  <system-out/>
  <testcase name="validateIfDeleted" time="0.391" classname="testCases.DeleteOneProduct"/>
  <system-out/>
</testsuite> <!-- testCases.DeleteOneProduct -->
