<?xml version="1.0" encoding="UTF-8"?>
<!-- Generated by org.testng.reporters.JUnitReportReporter -->
<testsuite skipped="0" hostname="DeepikaHPLaptop" name="testCases.CreateOneProduct" tests="3" failures="0" timestamp="2022-08-22T10:58:49 EDT" time="3.002" errors="0">
  <testcase name="createOneProduct" time="1.743" classname="testCases.CreateOneProduct"/>
  <system-out/>
  <testcase name="readAllProducts" time="0.861" classname="testCases.CreateOneProduct"/>
  <system-out/>
  <testcase name="readOneProduct" time="0.398" classname="testCases.CreateOneProduct"/>
  <system-out/>
</testsuite> <!-- testCases.CreateOneProduct -->
