<?xml version="1.0" encoding="UTF-8"?>
<!-- Generated by org.testng.reporters.JUnitReportReporter -->
<testsuite skipped="0" hostname="DeepikaHPLaptop" name="testCases.ReadAllProducts" tests="1" failures="0" timestamp="2022-08-15T17:36:12 EDT" time="2.205" errors="0">
  <testcase name="readAllProducts" time="2.205" classname="testCases.ReadAllProducts"/>
  <system-out/>
</testsuite> <!-- testCases.ReadAllProducts -->
