<?xml version="1.0" encoding="UTF-8"?>
<!-- Generated by org.testng.reporters.JUnitReportReporter -->
<testsuite skipped="0" hostname="DeepikaHPLaptop" name="testCases.CreateOneProduct" tests="3" failures="0" timestamp="2022-08-22T21:23:14 EDT" time="2.783" errors="0">
  <testcase name="createOneProduct" time="1.633" classname="testCases.CreateOneProduct"/>
  <system-out/>
  <testcase name="readAllProducts" time="0.746" classname="testCases.CreateOneProduct"/>
  <system-out/>
  <testcase name="readOneProduct" time="0.404" classname="testCases.CreateOneProduct"/>
  <system-out/>
</testsuite> <!-- testCases.CreateOneProduct -->
