<?xml version="1.0" encoding="UTF-8"?>
<!-- Generated by org.testng.reporters.JUnitReportReporter -->
<testsuite skipped="0" hostname="DeepikaHPLaptop" name="testCases.ReadAllProducts" tests="1" failures="0" timestamp="2022-08-15T10:39:54 EDT" time="8.222" errors="0">
  <testcase name="readAllProducts" time="8.222" classname="testCases.ReadAllProducts"/>
  <system-out/>
</testsuite> <!-- testCases.ReadAllProducts -->
